

Started GET "/messages?nonce=1432986384323" for 183.83.103.165 at 2015-05-30 07:46:42 -0400
  [1m[36mActiveRecord::SchemaMigration Load (0.1ms)[0m  [1mSELECT "schema_migrations".* FROM "schema_migrations"[0m
Processing by MessagesController#index as HTML
  Parameters: {"nonce"=>"1432986384323"}
  [1m[35mMessage Load (0.2ms)[0m  SELECT "messages".* FROM "messages"
  Rendered messages/index.html.erb within layouts/application (8.1ms)
Completed 200 OK in 1127ms (Views: 1075.0ms | ActiveRecord: 0.7ms)


Started GET "/assets/jquery.js?body=1" for 183.83.103.165 at 2015-05-30 07:46:44 -0400


Started GET "/assets/application.css?body=1" for 183.83.103.165 at 2015-05-30 07:46:44 -0400


Started GET "/assets/messages.css?body=1" for 183.83.103.165 at 2015-05-30 07:46:44 -0400


Started GET "/assets/jquery_ujs.js?body=1" for 183.83.103.165 at 2015-05-30 07:46:44 -0400


Started GET "/assets/turbolinks.js?body=1" for 183.83.103.165 at 2015-05-30 07:46:44 -0400


Started GET "/assets/communication.js?body=1" for 183.83.103.165 at 2015-05-30 07:46:44 -0400


Started GET "/assets/messages.js?body=1" for 183.83.103.165 at 2015-05-30 07:46:44 -0400


Started GET "/assets/application.js?body=1" for 183.83.103.165 at 2015-05-30 07:46:45 -0400


Started GET "/communication.js" for 183.83.103.165 at 2015-05-30 07:46:45 -0400

ActionController::RoutingError (No route matches [GET] "/communication.js"):
  actionpack (4.1.1) lib/action_dispatch/middleware/debug_exceptions.rb:21:in `call'
  actionpack (4.1.1) lib/action_dispatch/middleware/show_exceptions.rb:30:in `call'
  railties (4.1.1) lib/rails/rack/logger.rb:38:in `call_app'
  railties (4.1.1) lib/rails/rack/logger.rb:20:in `block in call'
  activesupport (4.1.1) lib/active_support/tagged_logging.rb:68:in `block in tagged'
  activesupport (4.1.1) lib/active_support/tagged_logging.rb:26:in `tagged'
  activesupport (4.1.1) lib/active_support/tagged_logging.rb:68:in `tagged'
  railties (4.1.1) lib/rails/rack/logger.rb:20:in `call'
  actionpack (4.1.1) lib/action_dispatch/middleware/request_id.rb:21:in `call'
  rack (1.5.2) lib/rack/methodoverride.rb:21:in `call'
  rack (1.5.2) lib/rack/runtime.rb:17:in `call'
  activesupport (4.1.1) lib/active_support/cache/strategy/local_cache_middleware.rb:26:in `call'
  rack (1.5.2) lib/rack/lock.rb:17:in `call'
  actionpack (4.1.1) lib/action_dispatch/middleware/static.rb:64:in `call'
  rack (1.5.2) lib/rack/sendfile.rb:112:in `call'
  railties (4.1.1) lib/rails/engine.rb:514:in `call'
  railties (4.1.1) lib/rails/application.rb:144:in `call'
  rack (1.5.2) lib/rack/lock.rb:17:in `call'
  rack (1.5.2) lib/rack/content_length.rb:14:in `call'
  rack (1.5.2) lib/rack/handler/webrick.rb:60:in `service'
  /usr/lib/ruby/2.0.0/webrick/httpserver.rb:138:in `service'
  /usr/lib/ruby/2.0.0/webrick/httpserver.rb:94:in `run'
  /usr/lib/ruby/2.0.0/webrick/server.rb:295:in `block in start_thread'


  Rendered /var/lib/gems/2.0.0/gems/actionpack-4.1.1/lib/action_dispatch/middleware/templates/rescues/_trace.html.erb (2.4ms)
  Rendered /var/lib/gems/2.0.0/gems/actionpack-4.1.1/lib/action_dispatch/middleware/templates/routes/_route.html.erb (3.0ms)
  Rendered /var/lib/gems/2.0.0/gems/actionpack-4.1.1/lib/action_dispatch/middleware/templates/routes/_table.html.erb (88.2ms)
  Rendered /var/lib/gems/2.0.0/gems/actionpack-4.1.1/lib/action_dispatch/middleware/templates/rescues/routing_error.html.erb within rescues/layout (144.2ms)


Started GET "/messages?nonce=1432986497587" for 183.83.103.165 at 2015-05-30 07:48:35 -0400
Processing by MessagesController#index as HTML
  Parameters: {"nonce"=>"1432986497587"}
  [1m[36mMessage Load (0.6ms)[0m  [1mSELECT "messages".* FROM "messages"[0m
  Rendered messages/index.html.erb within layouts/application (3.4ms)
Completed 200 OK in 46ms (Views: 43.3ms | ActiveRecord: 0.6ms)


Started GET "/assets/messages.css?body=1" for 183.83.103.165 at 2015-05-30 07:48:36 -0400


Started GET "/assets/application.css?body=1" for 183.83.103.165 at 2015-05-30 07:48:36 -0400


Started GET "/assets/jquery_ujs.js?body=1" for 183.83.103.165 at 2015-05-30 07:48:36 -0400


Started GET "/assets/turbolinks.js?body=1" for 183.83.103.165 at 2015-05-30 07:48:36 -0400


Started GET "/assets/jquery.js?body=1" for 183.83.103.165 at 2015-05-30 07:48:36 -0400


Started GET "/assets/communication.js?body=1" for 183.83.103.165 at 2015-05-30 07:48:36 -0400


Started GET "/assets/messages.js?body=1" for 183.83.103.165 at 2015-05-30 07:48:36 -0400


Started GET "/assets/application.js?body=1" for 183.83.103.165 at 2015-05-30 07:48:36 -0400


Started GET "/communication.js" for 183.83.103.165 at 2015-05-30 07:48:36 -0400

ActionController::RoutingError (No route matches [GET] "/communication.js"):
  actionpack (4.1.1) lib/action_dispatch/middleware/debug_exceptions.rb:21:in `call'
  actionpack (4.1.1) lib/action_dispatch/middleware/show_exceptions.rb:30:in `call'
  railties (4.1.1) lib/rails/rack/logger.rb:38:in `call_app'
  railties (4.1.1) lib/rails/rack/logger.rb:20:in `block in call'
  activesupport (4.1.1) lib/active_support/tagged_logging.rb:68:in `block in tagged'
  activesupport (4.1.1) lib/active_support/tagged_logging.rb:26:in `tagged'
  activesupport (4.1.1) lib/active_support/tagged_logging.rb:68:in `tagged'
  railties (4.1.1) lib/rails/rack/logger.rb:20:in `call'
  actionpack (4.1.1) lib/action_dispatch/middleware/request_id.rb:21:in `call'
  rack (1.5.2) lib/rack/methodoverride.rb:21:in `call'
  rack (1.5.2) lib/rack/runtime.rb:17:in `call'
  activesupport (4.1.1) lib/active_support/cache/strategy/local_cache_middleware.rb:26:in `call'
  rack (1.5.2) lib/rack/lock.rb:17:in `call'
  actionpack (4.1.1) lib/action_dispatch/middleware/static.rb:64:in `call'
  rack (1.5.2) lib/rack/sendfile.rb:112:in `call'
  railties (4.1.1) lib/rails/engine.rb:514:in `call'
  railties (4.1.1) lib/rails/application.rb:144:in `call'
  rack (1.5.2) lib/rack/lock.rb:17:in `call'
  rack (1.5.2) lib/rack/content_length.rb:14:in `call'
  rack (1.5.2) lib/rack/handler/webrick.rb:60:in `service'
  /usr/lib/ruby/2.0.0/webrick/httpserver.rb:138:in `service'
  /usr/lib/ruby/2.0.0/webrick/httpserver.rb:94:in `run'
  /usr/lib/ruby/2.0.0/webrick/server.rb:295:in `block in start_thread'


  Rendered /var/lib/gems/2.0.0/gems/actionpack-4.1.1/lib/action_dispatch/middleware/templates/rescues/_trace.html.erb (1.2ms)
  Rendered /var/lib/gems/2.0.0/gems/actionpack-4.1.1/lib/action_dispatch/middleware/templates/routes/_route.html.erb (1.1ms)
  Rendered /var/lib/gems/2.0.0/gems/actionpack-4.1.1/lib/action_dispatch/middleware/templates/routes/_table.html.erb (1.3ms)
  Rendered /var/lib/gems/2.0.0/gems/actionpack-4.1.1/lib/action_dispatch/middleware/templates/rescues/routing_error.html.erb within rescues/layout (15.6ms)


Started GET "/messages?nonce=1432986567365" for 183.83.103.165 at 2015-05-30 07:49:44 -0400
Processing by MessagesController#index as HTML
  Parameters: {"nonce"=>"1432986567365"}
  [1m[35mMessage Load (0.5ms)[0m  SELECT "messages".* FROM "messages"
  Rendered messages/index.html.erb within layouts/application (7.5ms)
Completed 200 OK in 74ms (Views: 69.1ms | ActiveRecord: 0.8ms)


Started GET "/assets/application.css?body=1" for 183.83.103.165 at 2015-05-30 07:49:45 -0400


Started GET "/assets/communication.js?body=1" for 183.83.103.165 at 2015-05-30 07:49:45 -0400


Started GET "/assets/turbolinks.js?body=1" for 183.83.103.165 at 2015-05-30 07:49:45 -0400


Started GET "/assets/messages.css?body=1" for 183.83.103.165 at 2015-05-30 07:49:45 -0400


Started GET "/assets/jquery.js?body=1" for 183.83.103.165 at 2015-05-30 07:49:45 -0400


Started GET "/assets/jquery_ujs.js?body=1" for 183.83.103.165 at 2015-05-30 07:49:45 -0400


Started GET "/assets/messages.js?body=1" for 183.83.103.165 at 2015-05-30 07:49:45 -0400


Started GET "/communication.js" for 183.83.103.165 at 2015-05-30 07:49:45 -0400

ActionController::RoutingError (No route matches [GET] "/communication.js"):
  actionpack (4.1.1) lib/action_dispatch/middleware/debug_exceptions.rb:21:in `call'
  actionpack (4.1.1) lib/action_dispatch/middleware/show_exceptions.rb:30:in `call'
  railties (4.1.1) lib/rails/rack/logger.rb:38:in `call_app'
  railties (4.1.1) lib/rails/rack/logger.rb:20:in `block in call'
  activesupport (4.1.1) lib/active_support/tagged_logging.rb:68:in `block in tagged'
  activesupport (4.1.1) lib/active_support/tagged_logging.rb:26:in `tagged'
  activesupport (4.1.1) lib/active_support/tagged_logging.rb:68:in `tagged'
  railties (4.1.1) lib/rails/rack/logger.rb:20:in `call'
  actionpack (4.1.1) lib/action_dispatch/middleware/request_id.rb:21:in `call'
  rack (1.5.2) lib/rack/methodoverride.rb:21:in `call'
  rack (1.5.2) lib/rack/runtime.rb:17:in `call'
  activesupport (4.1.1) lib/active_support/cache/strategy/local_cache_middleware.rb:26:in `call'
  rack (1.5.2) lib/rack/lock.rb:17:in `call'
  actionpack (4.1.1) lib/action_dispatch/middleware/static.rb:64:in `call'
  rack (1.5.2) lib/rack/sendfile.rb:112:in `call'
  railties (4.1.1) lib/rails/engine.rb:514:in `call'
  railties (4.1.1) lib/rails/application.rb:144:in `call'
  rack (1.5.2) lib/rack/lock.rb:17:in `call'
  rack (1.5.2) lib/rack/content_length.rb:14:in `call'
  rack (1.5.2) lib/rack/handler/webrick.rb:60:in `service'
  /usr/lib/ruby/2.0.0/webrick/httpserver.rb:138:in `service'
  /usr/lib/ruby/2.0.0/webrick/httpserver.rb:94:in `run'
  /usr/lib/ruby/2.0.0/webrick/server.rb:295:in `block in start_thread'


  Rendered /var/lib/gems/2.0.0/gems/actionpack-4.1.1/lib/action_dispatch/middleware/templates/rescues/_trace.html.erb (1.0ms)
  Rendered /var/lib/gems/2.0.0/gems/actionpack-4.1.1/lib/action_dispatch/middleware/templates/routes/_route.html.erb (0.8ms)
  Rendered /var/lib/gems/2.0.0/gems/actionpack-4.1.1/lib/action_dispatch/middleware/templates/routes/_table.html.erb (1.1ms)
  Rendered /var/lib/gems/2.0.0/gems/actionpack-4.1.1/lib/action_dispatch/middleware/templates/rescues/routing_error.html.erb within rescues/layout (16.2ms)


Started GET "/assets/application.js?body=1" for 183.83.103.165 at 2015-05-30 07:49:45 -0400


Started GET "/messages?nonce=1432986586732" for 183.83.103.165 at 2015-05-30 07:50:04 -0400
Processing by MessagesController#index as HTML
  Parameters: {"nonce"=>"1432986586732"}
  [1m[36mMessage Load (0.8ms)[0m  [1mSELECT "messages".* FROM "messages"[0m
  Rendered messages/index.html.erb within layouts/application (5.5ms)
Completed 200 OK in 59ms (Views: 55.0ms | ActiveRecord: 0.8ms)


Started GET "/assets/jquery.js?body=1" for 183.83.103.165 at 2015-05-30 07:50:04 -0400


Started GET "/assets/application.css?body=1" for 183.83.103.165 at 2015-05-30 07:50:04 -0400


Started GET "/assets/jquery_ujs.js?body=1" for 183.83.103.165 at 2015-05-30 07:50:04 -0400


Started GET "/assets/messages.css?body=1" for 183.83.103.165 at 2015-05-30 07:50:04 -0400


Started GET "/assets/turbolinks.js?body=1" for 183.83.103.165 at 2015-05-30 07:50:04 -0400


Started GET "/assets/communication.js?body=1" for 183.83.103.165 at 2015-05-30 07:50:04 -0400


Started GET "/assets/messages.js?body=1" for 183.83.103.165 at 2015-05-30 07:50:05 -0400


Started GET "/assets/application.js?body=1" for 183.83.103.165 at 2015-05-30 07:50:05 -0400


Started GET "/communication.js" for 183.83.103.165 at 2015-05-30 07:50:05 -0400

ActionController::RoutingError (No route matches [GET] "/communication.js"):
  actionpack (4.1.1) lib/action_dispatch/middleware/debug_exceptions.rb:21:in `call'
  actionpack (4.1.1) lib/action_dispatch/middleware/show_exceptions.rb:30:in `call'
  railties (4.1.1) lib/rails/rack/logger.rb:38:in `call_app'
  railties (4.1.1) lib/rails/rack/logger.rb:20:in `block in call'
  activesupport (4.1.1) lib/active_support/tagged_logging.rb:68:in `block in tagged'
  activesupport (4.1.1) lib/active_support/tagged_logging.rb:26:in `tagged'
  activesupport (4.1.1) lib/active_support/tagged_logging.rb:68:in `tagged'
  railties (4.1.1) lib/rails/rack/logger.rb:20:in `call'
  actionpack (4.1.1) lib/action_dispatch/middleware/request_id.rb:21:in `call'
  rack (1.5.2) lib/rack/methodoverride.rb:21:in `call'
  rack (1.5.2) lib/rack/runtime.rb:17:in `call'
  activesupport (4.1.1) lib/active_support/cache/strategy/local_cache_middleware.rb:26:in `call'
  rack (1.5.2) lib/rack/lock.rb:17:in `call'
  actionpack (4.1.1) lib/action_dispatch/middleware/static.rb:64:in `call'
  rack (1.5.2) lib/rack/sendfile.rb:112:in `call'
  railties (4.1.1) lib/rails/engine.rb:514:in `call'
  railties (4.1.1) lib/rails/application.rb:144:in `call'
  rack (1.5.2) lib/rack/lock.rb:17:in `call'
  rack (1.5.2) lib/rack/content_length.rb:14:in `call'
  rack (1.5.2) lib/rack/handler/webrick.rb:60:in `service'
  /usr/lib/ruby/2.0.0/webrick/httpserver.rb:138:in `service'
  /usr/lib/ruby/2.0.0/webrick/httpserver.rb:94:in `run'
  /usr/lib/ruby/2.0.0/webrick/server.rb:295:in `block in start_thread'


  Rendered /var/lib/gems/2.0.0/gems/actionpack-4.1.1/lib/action_dispatch/middleware/templates/rescues/_trace.html.erb (1.2ms)
  Rendered /var/lib/gems/2.0.0/gems/actionpack-4.1.1/lib/action_dispatch/middleware/templates/routes/_route.html.erb (0.8ms)
  Rendered /var/lib/gems/2.0.0/gems/actionpack-4.1.1/lib/action_dispatch/middleware/templates/routes/_table.html.erb (1.1ms)
  Rendered /var/lib/gems/2.0.0/gems/actionpack-4.1.1/lib/action_dispatch/middleware/templates/rescues/routing_error.html.erb within rescues/layout (15.2ms)


Started GET "/messages?nonce=1432989209307" for 183.83.103.165 at 2015-05-30 08:33:47 -0400
Processing by MessagesController#index as HTML
  Parameters: {"nonce"=>"1432989209307"}
  [1m[35mMessage Load (0.7ms)[0m  SELECT "messages".* FROM "messages"
  Rendered messages/index.html.erb within layouts/application (2.7ms)
Completed 200 OK in 42ms (Views: 39.7ms | ActiveRecord: 0.7ms)


Started GET "/assets/messages.css?body=1" for 183.83.103.165 at 2015-05-30 08:33:47 -0400


Started GET "/assets/application.css?body=1" for 183.83.103.165 at 2015-05-30 08:33:47 -0400


Started GET "/assets/jquery.js?body=1" for 183.83.103.165 at 2015-05-30 08:33:47 -0400


Started GET "/assets/turbolinks.js?body=1" for 183.83.103.165 at 2015-05-30 08:33:47 -0400


Started GET "/assets/communication.js?body=1" for 183.83.103.165 at 2015-05-30 08:33:47 -0400


Started GET "/assets/jquery_ujs.js?body=1" for 183.83.103.165 at 2015-05-30 08:33:47 -0400


Started GET "/assets/messages.js?body=1" for 183.83.103.165 at 2015-05-30 08:33:47 -0400


Started GET "/assets/application.js?body=1" for 183.83.103.165 at 2015-05-30 08:33:47 -0400


Started GET "/communication.js" for 183.83.103.165 at 2015-05-30 08:33:47 -0400

ActionController::RoutingError (No route matches [GET] "/communication.js"):
  actionpack (4.1.1) lib/action_dispatch/middleware/debug_exceptions.rb:21:in `call'
  actionpack (4.1.1) lib/action_dispatch/middleware/show_exceptions.rb:30:in `call'
  railties (4.1.1) lib/rails/rack/logger.rb:38:in `call_app'
  railties (4.1.1) lib/rails/rack/logger.rb:20:in `block in call'
  activesupport (4.1.1) lib/active_support/tagged_logging.rb:68:in `block in tagged'
  activesupport (4.1.1) lib/active_support/tagged_logging.rb:26:in `tagged'
  activesupport (4.1.1) lib/active_support/tagged_logging.rb:68:in `tagged'
  railties (4.1.1) lib/rails/rack/logger.rb:20:in `call'
  actionpack (4.1.1) lib/action_dispatch/middleware/request_id.rb:21:in `call'
  rack (1.5.2) lib/rack/methodoverride.rb:21:in `call'
  rack (1.5.2) lib/rack/runtime.rb:17:in `call'
  activesupport (4.1.1) lib/active_support/cache/strategy/local_cache_middleware.rb:26:in `call'
  rack (1.5.2) lib/rack/lock.rb:17:in `call'
  actionpack (4.1.1) lib/action_dispatch/middleware/static.rb:64:in `call'
  rack (1.5.2) lib/rack/sendfile.rb:112:in `call'
  railties (4.1.1) lib/rails/engine.rb:514:in `call'
  railties (4.1.1) lib/rails/application.rb:144:in `call'
  rack (1.5.2) lib/rack/lock.rb:17:in `call'
  rack (1.5.2) lib/rack/content_length.rb:14:in `call'
  rack (1.5.2) lib/rack/handler/webrick.rb:60:in `service'
  /usr/lib/ruby/2.0.0/webrick/httpserver.rb:138:in `service'
  /usr/lib/ruby/2.0.0/webrick/httpserver.rb:94:in `run'
  /usr/lib/ruby/2.0.0/webrick/server.rb:295:in `block in start_thread'


  Rendered /var/lib/gems/2.0.0/gems/actionpack-4.1.1/lib/action_dispatch/middleware/templates/rescues/_trace.html.erb (1.0ms)
  Rendered /var/lib/gems/2.0.0/gems/actionpack-4.1.1/lib/action_dispatch/middleware/templates/routes/_route.html.erb (0.8ms)
  Rendered /var/lib/gems/2.0.0/gems/actionpack-4.1.1/lib/action_dispatch/middleware/templates/routes/_table.html.erb (1.0ms)
  Rendered /var/lib/gems/2.0.0/gems/actionpack-4.1.1/lib/action_dispatch/middleware/templates/rescues/routing_error.html.erb within rescues/layout (14.9ms)


Started GET "/assets/jquery_ujs.js?body=1" for 183.83.103.165 at 2015-05-30 08:33:48 -0400


Started GET "/communication.js" for 183.83.103.165 at 2015-05-30 08:33:48 -0400

ActionController::RoutingError (No route matches [GET] "/communication.js"):
  actionpack (4.1.1) lib/action_dispatch/middleware/debug_exceptions.rb:21:in `call'
  actionpack (4.1.1) lib/action_dispatch/middleware/show_exceptions.rb:30:in `call'
  railties (4.1.1) lib/rails/rack/logger.rb:38:in `call_app'
  railties (4.1.1) lib/rails/rack/logger.rb:20:in `block in call'
  activesupport (4.1.1) lib/active_support/tagged_logging.rb:68:in `block in tagged'
  activesupport (4.1.1) lib/active_support/tagged_logging.rb:26:in `tagged'
  activesupport (4.1.1) lib/active_support/tagged_logging.rb:68:in `tagged'
  railties (4.1.1) lib/rails/rack/logger.rb:20:in `call'
  actionpack (4.1.1) lib/action_dispatch/middleware/request_id.rb:21:in `call'
  rack (1.5.2) lib/rack/methodoverride.rb:21:in `call'
  rack (1.5.2) lib/rack/runtime.rb:17:in `call'
  activesupport (4.1.1) lib/active_support/cache/strategy/local_cache_middleware.rb:26:in `call'
  rack (1.5.2) lib/rack/lock.rb:17:in `call'
  actionpack (4.1.1) lib/action_dispatch/middleware/static.rb:64:in `call'
  rack (1.5.2) lib/rack/sendfile.rb:112:in `call'
  railties (4.1.1) lib/rails/engine.rb:514:in `call'
  railties (4.1.1) lib/rails/application.rb:144:in `call'
  rack (1.5.2) lib/rack/lock.rb:17:in `call'
  rack (1.5.2) lib/rack/content_length.rb:14:in `call'
  rack (1.5.2) lib/rack/handler/webrick.rb:60:in `service'
  /usr/lib/ruby/2.0.0/webrick/httpserver.rb:138:in `service'
  /usr/lib/ruby/2.0.0/webrick/httpserver.rb:94:in `run'
  /usr/lib/ruby/2.0.0/webrick/server.rb:295:in `block in start_thread'


  Rendered /var/lib/gems/2.0.0/gems/actionpack-4.1.1/lib/action_dispatch/middleware/templates/rescues/_trace.html.erb (1.0ms)
  Rendered /var/lib/gems/2.0.0/gems/actionpack-4.1.1/lib/action_dispatch/middleware/templates/routes/_route.html.erb (1.3ms)
  Rendered /var/lib/gems/2.0.0/gems/actionpack-4.1.1/lib/action_dispatch/middleware/templates/routes/_table.html.erb (1.0ms)
  Rendered /var/lib/gems/2.0.0/gems/actionpack-4.1.1/lib/action_dispatch/middleware/templates/rescues/routing_error.html.erb within rescues/layout (14.8ms)
